<?xml version="1.0" encoding="UTF-8"?>
<robot generator="Robot 7.1.1 (Python 3.10.12 on linux)" generated="2024-11-04T17:21:21.845573" rpa="false" schemaversion="5">
<suite id="s1" name="Tests" source="/home/teeruoko/Documents/webcounter/src/tests">
<suite id="s1-s1" name="Increment" source="/home/teeruoko/Documents/webcounter/src/tests/increment.robot">
<kw name="Open And Configure Browser" owner="resource" type="SETUP">
<if>
<branch type="IF" condition="$BROWSER == 'chrome'">
<kw name="Evaluate" owner="BuiltIn">
<msg time="2024-11-04T17:21:21.995587" level="INFO">${options} = &lt;selenium.webdriver.chrome.options.Options object at 0x7a5acec0d330&gt;</msg>
<var>${options}</var>
<arg>sys.modules['selenium.webdriver'].ChromeOptions()</arg>
<arg>sys</arg>
<doc>Evaluates the given expression in Python and returns the result.</doc>
<status status="PASS" start="2024-11-04T17:21:21.995211" elapsed="0.000426"/>
</kw>
<status status="PASS" start="2024-11-04T17:21:21.991902" elapsed="0.003827"/>
</branch>
<branch type="ELSE IF" condition="$BROWSER == 'firefox'">
<kw name="Evaluate" owner="BuiltIn">
<var>${options}</var>
<arg>sys.modules['selenium.webdriver'].FirefoxOptions()</arg>
<arg>sys</arg>
<doc>Evaluates the given expression in Python and returns the result.</doc>
<status status="NOT RUN" start="2024-11-04T17:21:21.995921" elapsed="0.000038"/>
</kw>
<status status="NOT RUN" start="2024-11-04T17:21:21.995778" elapsed="0.000240"/>
</branch>
<status status="PASS" start="2024-11-04T17:21:21.991868" elapsed="0.004187"/>
</if>
<if>
<branch type="IF" condition="$HEADLESS == 'true'">
<kw name="Set Selenium Speed" owner="SeleniumLibrary">
<arg>0</arg>
<doc>Sets the delay that is waited after each Selenium command.</doc>
<status status="NOT RUN" start="2024-11-04T17:21:21.996358" elapsed="0.000034"/>
</kw>
<kw name="Call Method" owner="BuiltIn">
<arg>${options}</arg>
<arg>add_argument</arg>
<arg>--headless</arg>
<doc>Calls the named method of the given object with the provided arguments.</doc>
<status status="NOT RUN" start="2024-11-04T17:21:21.996509" elapsed="0.000028"/>
</kw>
<status status="NOT RUN" start="2024-11-04T17:21:21.996123" elapsed="0.000465"/>
</branch>
<branch type="ELSE">
<kw name="Set Selenium Speed" owner="SeleniumLibrary">
<arg>${DELAY}</arg>
<doc>Sets the delay that is waited after each Selenium command.</doc>
<status status="PASS" start="2024-11-04T17:21:21.996733" elapsed="0.000299"/>
</kw>
<status status="PASS" start="2024-11-04T17:21:21.996625" elapsed="0.000466"/>
</branch>
<status status="PASS" start="2024-11-04T17:21:21.996105" elapsed="0.001022"/>
</if>
<kw name="Open Browser" owner="SeleniumLibrary">
<msg time="2024-11-04T17:21:21.997568" level="INFO">Opening browser 'chrome' to base url 'None'.</msg>
<arg>browser=${BROWSER}</arg>
<arg>options=${options}</arg>
<doc>Opens a new browser instance to the optional ``url``.</doc>
<status status="PASS" start="2024-11-04T17:21:21.997246" elapsed="0.748480"/>
</kw>
<status status="PASS" start="2024-11-04T17:21:21.991615" elapsed="0.754377"/>
</kw>
<test id="s1-s1-t1" name="At start the counter is zero" line="7">
<kw name="Go To" owner="SeleniumLibrary">
<msg time="2024-11-04T17:21:22.747609" level="INFO">Opening url 'http://localhost:5001'</msg>
<arg>${HOME_URL}</arg>
<doc>Navigates the current browser window to the provided ``url``.</doc>
<status status="PASS" start="2024-11-04T17:21:22.747187" elapsed="0.591440"/>
</kw>
<kw name="Title Should Be" owner="SeleniumLibrary">
<msg time="2024-11-04T17:21:23.851876" level="INFO">Page title is 'Laskuri'.</msg>
<arg>Laskuri</arg>
<doc>Verifies that the current page title equals ``title``.</doc>
<status status="PASS" start="2024-11-04T17:21:23.339606" elapsed="0.512761"/>
</kw>
<kw name="Page Should Contain" owner="SeleniumLibrary">
<msg time="2024-11-04T17:21:24.885635" level="INFO">Current page contains text 'nappia painettu 0 kertaa'.</msg>
<arg>nappia painettu 0 kertaa</arg>
<doc>Verifies that current page contains ``text``.</doc>
<status status="PASS" start="2024-11-04T17:21:23.853003" elapsed="1.033098"/>
</kw>
<status status="PASS" start="2024-11-04T17:21:22.746194" elapsed="2.140811"/>
</test>
<test id="s1-s1-t2" name="When button pressed twice the counter is two" line="12">
<kw name="Go To" owner="SeleniumLibrary">
<msg time="2024-11-04T17:21:24.889803" level="INFO">Opening url 'http://localhost:5001'</msg>
<arg>${HOME_URL}</arg>
<doc>Navigates the current browser window to the provided ``url``.</doc>
<status status="PASS" start="2024-11-04T17:21:24.889205" elapsed="0.542792"/>
</kw>
<kw name="Click Button" owner="SeleniumLibrary">
<msg time="2024-11-04T17:21:25.433765" level="INFO">Clicking button 'Paina'.</msg>
<arg>Paina</arg>
<doc>Clicks the button identified by ``locator``.</doc>
<status status="PASS" start="2024-11-04T17:21:25.432881" elapsed="1.627786"/>
</kw>
<kw name="Click Button" owner="SeleniumLibrary">
<msg time="2024-11-04T17:21:27.062554" level="INFO">Clicking button 'Paina'.</msg>
<arg>Paina</arg>
<doc>Clicks the button identified by ``locator``.</doc>
<status status="PASS" start="2024-11-04T17:21:27.061754" elapsed="1.606818"/>
</kw>
<kw name="Page Should Contain" owner="SeleniumLibrary">
<msg time="2024-11-04T17:21:29.703191" level="INFO">Current page contains text 'nappia painettu 2 kertaa'.</msg>
<arg>nappia painettu 2 kertaa</arg>
<doc>Verifies that current page contains ``text``.</doc>
<status status="PASS" start="2024-11-04T17:21:28.669532" elapsed="1.034212"/>
</kw>
<status status="PASS" start="2024-11-04T17:21:24.887945" elapsed="4.816723"/>
</test>
<kw name="Close Browser" owner="SeleniumLibrary" type="TEARDOWN">
<doc>Closes the current browser.</doc>
<status status="PASS" start="2024-11-04T17:21:29.706669" elapsed="0.565084"/>
</kw>
<status status="PASS" start="2024-11-04T17:21:21.866957" elapsed="8.405101"/>
</suite>
<status status="PASS" start="2024-11-04T17:21:21.846631" elapsed="8.427816"/>
</suite>
<statistics>
<total>
<stat pass="2" fail="0" skip="0">All Tests</stat>
</total>
<tag>
</tag>
<suite>
<stat pass="2" fail="0" skip="0" id="s1" name="Tests">Tests</stat>
<stat pass="2" fail="0" skip="0" id="s1-s1" name="Increment">Tests.Increment</stat>
</suite>
</statistics>
<errors>
</errors>
</robot>
