<?xml version="1.0" encoding="UTF-8"?>
<robot generator="Robot 7.1.1 (Python 3.10.12 on linux)" generated="2024-11-04T17:53:43.639807" rpa="false" schemaversion="5">
<suite id="s1" name="Tests" source="/home/teeruoko/Documents/webcounter/src/tests">
<suite id="s1-s1" name="Increment" source="/home/teeruoko/Documents/webcounter/src/tests/increment.robot">
<kw name="Open And Configure Browser" owner="resource" type="SETUP">
<if>
<branch type="IF" condition="$BROWSER == 'chrome'">
<kw name="Evaluate" owner="BuiltIn">
<msg time="2024-11-04T17:53:43.813602" level="INFO">${options} = &lt;selenium.webdriver.chrome.options.Options object at 0x7a8081ab6f50&gt;</msg>
<var>${options}</var>
<arg>sys.modules['selenium.webdriver'].ChromeOptions()</arg>
<arg>sys</arg>
<doc>Evaluates the given expression in Python and returns the result.</doc>
<status status="PASS" start="2024-11-04T17:53:43.813223" elapsed="0.000426"/>
</kw>
<status status="PASS" start="2024-11-04T17:53:43.809917" elapsed="0.003821"/>
</branch>
<branch type="ELSE IF" condition="$BROWSER == 'firefox'">
<kw name="Evaluate" owner="BuiltIn">
<var>${options}</var>
<arg>sys.modules['selenium.webdriver'].FirefoxOptions()</arg>
<arg>sys</arg>
<doc>Evaluates the given expression in Python and returns the result.</doc>
<status status="NOT RUN" start="2024-11-04T17:53:43.813969" elapsed="0.000039"/>
</kw>
<status status="NOT RUN" start="2024-11-04T17:53:43.813820" elapsed="0.000250"/>
</branch>
<status status="PASS" start="2024-11-04T17:53:43.809885" elapsed="0.004226"/>
</if>
<if>
<branch type="IF" condition="$HEADLESS == 'true'">
<kw name="Set Selenium Speed" owner="SeleniumLibrary">
<arg>0</arg>
<doc>Sets the delay that is waited after each Selenium command.</doc>
<status status="PASS" start="2024-11-04T17:53:43.814409" elapsed="0.000231"/>
</kw>
<kw name="Call Method" owner="BuiltIn">
<arg>${options}</arg>
<arg>add_argument</arg>
<arg>--headless</arg>
<doc>Calls the named method of the given object with the provided arguments.</doc>
<status status="PASS" start="2024-11-04T17:53:43.814780" elapsed="0.000189"/>
</kw>
<status status="PASS" start="2024-11-04T17:53:43.814175" elapsed="0.000857"/>
</branch>
<branch type="ELSE">
<kw name="Set Selenium Speed" owner="SeleniumLibrary">
<arg>${DELAY}</arg>
<doc>Sets the delay that is waited after each Selenium command.</doc>
<status status="NOT RUN" start="2024-11-04T17:53:43.815187" elapsed="0.000030"/>
</kw>
<status status="NOT RUN" start="2024-11-04T17:53:43.815073" elapsed="0.000196"/>
</branch>
<status status="PASS" start="2024-11-04T17:53:43.814158" elapsed="0.001145"/>
</if>
<kw name="Open Browser" owner="SeleniumLibrary">
<msg time="2024-11-04T17:53:43.815730" level="INFO">Opening browser 'chrome' to base url 'None'.</msg>
<arg>browser=${BROWSER}</arg>
<arg>options=${options}</arg>
<doc>Opens a new browser instance to the optional ``url``.</doc>
<status status="PASS" start="2024-11-04T17:53:43.815412" elapsed="0.419039"/>
</kw>
<status status="PASS" start="2024-11-04T17:53:43.809631" elapsed="0.425046"/>
</kw>
<test id="s1-s1-t1" name="At start the counter is zero" line="7">
<kw name="Go To" owner="SeleniumLibrary">
<msg time="2024-11-04T17:53:44.235807" level="INFO">Opening url 'http://localhost:5001'</msg>
<arg>${HOME_URL}</arg>
<doc>Navigates the current browser window to the provided ``url``.</doc>
<status status="PASS" start="2024-11-04T17:53:44.235520" elapsed="0.083665"/>
</kw>
<kw name="Title Should Be" owner="SeleniumLibrary">
<msg time="2024-11-04T17:53:44.338003" level="INFO">Page title is 'Laskuri'.</msg>
<arg>Laskuri</arg>
<doc>Verifies that the current page title equals ``title``.</doc>
<status status="PASS" start="2024-11-04T17:53:44.320107" elapsed="0.018257"/>
</kw>
<kw name="Page Should Contain" owner="SeleniumLibrary">
<msg time="2024-11-04T17:53:44.376432" level="INFO">Current page contains text 'nappia painettu 0 kertaa'.</msg>
<arg>nappia painettu 0 kertaa</arg>
<doc>Verifies that current page contains ``text``.</doc>
<status status="PASS" start="2024-11-04T17:53:44.339238" elapsed="0.037472"/>
</kw>
<status status="PASS" start="2024-11-04T17:53:44.234840" elapsed="0.142517"/>
</test>
<test id="s1-s1-t2" name="When button pressed twice the counter is two" line="12">
<kw name="Go To" owner="SeleniumLibrary">
<msg time="2024-11-04T17:53:44.379777" level="INFO">Opening url 'http://localhost:5001'</msg>
<arg>${HOME_URL}</arg>
<doc>Navigates the current browser window to the provided ``url``.</doc>
<status status="PASS" start="2024-11-04T17:53:44.379187" elapsed="0.031661"/>
</kw>
<kw name="Click Button" owner="SeleniumLibrary">
<msg time="2024-11-04T17:53:44.412716" level="INFO">Clicking button 'Paina'.</msg>
<arg>Paina</arg>
<doc>Clicks the button identified by ``locator``.</doc>
<status status="PASS" start="2024-11-04T17:53:44.411781" elapsed="0.122409"/>
</kw>
<kw name="Click Button" owner="SeleniumLibrary">
<msg time="2024-11-04T17:53:44.535320" level="INFO">Clicking button 'Paina'.</msg>
<arg>Paina</arg>
<doc>Clicks the button identified by ``locator``.</doc>
<status status="PASS" start="2024-11-04T17:53:44.534804" elapsed="0.091319"/>
</kw>
<kw name="Page Should Contain" owner="SeleniumLibrary">
<msg time="2024-11-04T17:53:44.655050" level="INFO">Current page contains text 'nappia painettu 2 kertaa'.</msg>
<arg>nappia painettu 2 kertaa</arg>
<doc>Verifies that current page contains ``text``.</doc>
<status status="PASS" start="2024-11-04T17:53:44.626799" elapsed="0.028611"/>
</kw>
<status status="PASS" start="2024-11-04T17:53:44.378118" elapsed="0.278130"/>
</test>
<kw name="Close Browser" owner="SeleniumLibrary" type="TEARDOWN">
<doc>Closes the current browser.</doc>
<status status="PASS" start="2024-11-04T17:53:44.658486" elapsed="0.069726"/>
</kw>
<status status="PASS" start="2024-11-04T17:53:43.661302" elapsed="1.067228"/>
</suite>
<suite id="s1-s2" name="Reset" source="/home/teeruoko/Documents/webcounter/src/tests/reset.robot">
<kw name="Open And Configure Browser" owner="resource" type="SETUP">
<if>
<branch type="IF" condition="$BROWSER == 'chrome'">
<kw name="Evaluate" owner="BuiltIn">
<msg time="2024-11-04T17:53:44.737590" level="INFO">${options} = &lt;selenium.webdriver.chrome.options.Options object at 0x7a808194d750&gt;</msg>
<var>${options}</var>
<arg>sys.modules['selenium.webdriver'].ChromeOptions()</arg>
<arg>sys</arg>
<doc>Evaluates the given expression in Python and returns the result.</doc>
<status status="PASS" start="2024-11-04T17:53:44.737043" elapsed="0.000612"/>
</kw>
<status status="PASS" start="2024-11-04T17:53:44.736545" elapsed="0.001239"/>
</branch>
<branch type="ELSE IF" condition="$BROWSER == 'firefox'">
<kw name="Evaluate" owner="BuiltIn">
<var>${options}</var>
<arg>sys.modules['selenium.webdriver'].FirefoxOptions()</arg>
<arg>sys</arg>
<doc>Evaluates the given expression in Python and returns the result.</doc>
<status status="NOT RUN" start="2024-11-04T17:53:44.738077" elapsed="0.000058"/>
</kw>
<status status="NOT RUN" start="2024-11-04T17:53:44.737861" elapsed="0.000367"/>
</branch>
<status status="PASS" start="2024-11-04T17:53:44.736485" elapsed="0.001811"/>
</if>
<if>
<branch type="IF" condition="$HEADLESS == 'true'">
<kw name="Set Selenium Speed" owner="SeleniumLibrary">
<arg>0</arg>
<doc>Sets the delay that is waited after each Selenium command.</doc>
<status status="PASS" start="2024-11-04T17:53:44.738738" elapsed="0.000351"/>
</kw>
<kw name="Call Method" owner="BuiltIn">
<arg>${options}</arg>
<arg>add_argument</arg>
<arg>--headless</arg>
<doc>Calls the named method of the given object with the provided arguments.</doc>
<status status="PASS" start="2024-11-04T17:53:44.739303" elapsed="0.000280"/>
</kw>
<status status="PASS" start="2024-11-04T17:53:44.738392" elapsed="0.001292"/>
</branch>
<branch type="ELSE">
<kw name="Set Selenium Speed" owner="SeleniumLibrary">
<arg>${DELAY}</arg>
<doc>Sets the delay that is waited after each Selenium command.</doc>
<status status="NOT RUN" start="2024-11-04T17:53:44.739923" elapsed="0.000046"/>
</kw>
<status status="NOT RUN" start="2024-11-04T17:53:44.739747" elapsed="0.000292"/>
</branch>
<status status="PASS" start="2024-11-04T17:53:44.738367" elapsed="0.001722"/>
</if>
<kw name="Open Browser" owner="SeleniumLibrary">
<msg time="2024-11-04T17:53:44.741059" level="INFO">Opening browser 'chrome' to base url 'None'.</msg>
<arg>browser=${BROWSER}</arg>
<arg>options=${options}</arg>
<doc>Opens a new browser instance to the optional ``url``.</doc>
<status status="PASS" start="2024-11-04T17:53:44.740418" elapsed="0.396649"/>
</kw>
<status status="PASS" start="2024-11-04T17:53:44.735936" elapsed="0.401332"/>
</kw>
<test id="s1-s2-t1" name="When counter has a nonzero value and it is reset the value becomes zero" line="7">
<kw name="Go To" owner="SeleniumLibrary">
<msg time="2024-11-04T17:53:45.138298" level="INFO">Opening url 'http://localhost:5001'</msg>
<arg>${HOME_URL}</arg>
<doc>Navigates the current browser window to the provided ``url``.</doc>
<status status="PASS" start="2024-11-04T17:53:45.138016" elapsed="0.073641"/>
</kw>
<kw name="Click Button" owner="SeleniumLibrary">
<msg time="2024-11-04T17:53:45.213036" level="INFO">Clicking button 'Paina'.</msg>
<arg>Paina</arg>
<doc>Clicks the button identified by ``locator``.</doc>
<status status="PASS" start="2024-11-04T17:53:45.212396" elapsed="0.110430"/>
</kw>
<kw name="Click Button" owner="SeleniumLibrary">
<msg time="2024-11-04T17:53:45.323869" level="INFO">Clicking button 'Nollaa'.</msg>
<arg>Nollaa</arg>
<doc>Clicks the button identified by ``locator``.</doc>
<status status="PASS" start="2024-11-04T17:53:45.323415" elapsed="0.107597"/>
</kw>
<kw name="Page Should Contain" owner="SeleniumLibrary">
<msg time="2024-11-04T17:53:45.463178" level="INFO">Current page contains text 'nappia painettu 0 kertaa'.</msg>
<arg>nappia painettu 0 kertaa</arg>
<doc>Verifies that current page contains ``text``.</doc>
<status status="PASS" start="2024-11-04T17:53:45.431538" elapsed="0.031893"/>
</kw>
<status status="PASS" start="2024-11-04T17:53:45.137405" elapsed="0.326683"/>
</test>
<kw name="Close Browser" owner="SeleniumLibrary" type="TEARDOWN">
<doc>Closes the current browser.</doc>
<status status="PASS" start="2024-11-04T17:53:45.465234" elapsed="0.067546"/>
</kw>
<status status="PASS" start="2024-11-04T17:53:44.730458" elapsed="0.802585"/>
</suite>
<status status="PASS" start="2024-11-04T17:53:43.640811" elapsed="1.894359"/>
</suite>
<statistics>
<total>
<stat pass="3" fail="0" skip="0">All Tests</stat>
</total>
<tag>
</tag>
<suite>
<stat pass="3" fail="0" skip="0" id="s1" name="Tests">Tests</stat>
<stat pass="2" fail="0" skip="0" id="s1-s1" name="Increment">Tests.Increment</stat>
<stat pass="1" fail="0" skip="0" id="s1-s2" name="Reset">Tests.Reset</stat>
</suite>
</statistics>
<errors>
</errors>
</robot>
